<?xml version="1.0" encoding="UTF-8"?>
<!-- Generated by org.testng.reporters.JUnitReportReporter -->
<testsuite skipped="0" hostname="IBM744-PC07HRAG" name="com.training.sanity.tests.LoginTests" tests="1" failures="0" timestamp="03 Feb 2019 11:01:09 GMT" time="41.333" errors="0">
  <testcase name="validLoginTest" time="41.333" classname="com.training.sanity.tests.LoginTests"/>
</testsuite> <!-- com.training.sanity.tests.LoginTests -->
