<?xml version="1.0" encoding="UTF-8"?>
<!-- Generated by org.testng.reporters.JUnitReportReporter -->
<testsuite skipped="0" hostname="IBM744-PC07HRAG" name="com.training.sanity.tests.RETC_010Tests" tests="1" failures="0" timestamp="10 Feb 2019 09:27:16 GMT" time="71.671" errors="0">
  <testcase name="validRETC_010Test" time="71.671" classname="com.training.sanity.tests.RETC_010Tests"/>
</testsuite> <!-- com.training.sanity.tests.RETC_010Tests -->
