<?xml version="1.0" encoding="UTF-8"?>
<!-- Generated by org.testng.reporters.JUnitReportReporter -->
<testsuite skipped="0" hostname="IBM744-PC07HRAG" name="com.training.sanity.tests.RETC_007Tests" tests="1" failures="0" timestamp="03 Feb 2019 11:02:19 GMT" time="48.013" errors="0">
  <testcase name="validRETC_007Test" time="48.013" classname="com.training.sanity.tests.RETC_007Tests"/>
</testsuite> <!-- com.training.sanity.tests.RETC_007Tests -->
