<?xml version="1.0" encoding="UTF-8"?>
<!-- Generated by org.testng.reporters.JUnitReportReporter -->
<testsuite skipped="0" hostname="IBM744-PC07HRAG" name="com.training.sanity.tests.RETC_009Tests" tests="1" failures="0" timestamp="10 Feb 2019 09:29:03 GMT" time="73.855" errors="0">
  <testcase name="validRETC_009Test" time="73.855" classname="com.training.sanity.tests.RETC_009Tests"/>
</testsuite> <!-- com.training.sanity.tests.RETC_009Tests -->
