<?xml version="1.0" encoding="UTF-8"?>
<!-- Generated by org.testng.reporters.JUnitReportReporter -->
<testsuite skipped="0" hostname="IBM744-PC07HRAG" name="com.training.sanity.tests.RETC_066Tests" tests="4" failures="0" timestamp="10 Feb 2019 09:03:05 GMT" time="164.269" errors="0">
  <testcase name="validRETC_066Test" time="34.632" classname="com.training.sanity.tests.RETC_066Tests"/>
  <testcase name="validRETC_066Test" time="51.893" classname="com.training.sanity.tests.RETC_066Tests"/>
  <testcase name="validRETC_066Test" time="40.267" classname="com.training.sanity.tests.RETC_066Tests"/>
  <testcase name="validRETC_066Test" time="37.477" classname="com.training.sanity.tests.RETC_066Tests"/>
</testsuite> <!-- com.training.sanity.tests.RETC_066Tests -->
