<?xml version="1.0" encoding="UTF-8"?>
<!-- Generated by org.testng.reporters.JUnitReportReporter -->
<testsuite skipped="0" hostname="IBM744-PC07HRAG" name="com.training.sanity.tests.RETC_070Tests" tests="1" failures="0" timestamp="10 Feb 2019 09:17:51 GMT" time="149.597" errors="0">
  <testcase name="validRETC_070Test" time="149.597" classname="com.training.sanity.tests.RETC_070Tests"/>
</testsuite> <!-- com.training.sanity.tests.RETC_070Tests -->
