<?xml version="1.0" encoding="UTF-8"?>
<!-- Generated by org.testng.reporters.JUnitReportReporter -->
<testsuite skipped="0" hostname="IBM744-PC07HRAG" name="com.training.sanity.tests.RETC_068Tests" tests="4" failures="0" timestamp="10 Feb 2019 09:09:20 GMT" time="255.408" errors="0">
  <testcase name="validRETC_068Test" time="66.654" classname="com.training.sanity.tests.RETC_068Tests"/>
  <testcase name="validRETC_068Test" time="68.031" classname="com.training.sanity.tests.RETC_068Tests"/>
  <testcase name="validRETC_068Test" time="69.919" classname="com.training.sanity.tests.RETC_068Tests"/>
  <testcase name="validRETC_068Test" time="50.804" classname="com.training.sanity.tests.RETC_068Tests"/>
</testsuite> <!-- com.training.sanity.tests.RETC_068Tests -->
