<?xml version="1.0" encoding="UTF-8"?>
<!-- Generated by org.testng.reporters.JUnitReportReporter -->
<testsuite skipped="0" hostname="IBM744-PC07HRAG" name="com.training.sanity.tests.RETC_037Tests" tests="1" failures="0" timestamp="03 Feb 2019 11:10:35 GMT" time="83.845" errors="0">
  <testcase name="validRETC_037Test" time="83.845" classname="com.training.sanity.tests.RETC_037Tests"/>
</testsuite> <!-- com.training.sanity.tests.RETC_037Tests -->
