<?xml version="1.0" encoding="UTF-8"?>
<!-- Generated by org.testng.reporters.JUnitReportReporter -->
<testsuite skipped="0" hostname="IBM744-PC07HRAG" name="com.training.sanity.tests.RETC_039Tests" tests="1" failures="0" timestamp="10 Feb 2019 09:22:35 GMT" time="69.053" errors="0">
  <testcase name="validRETC_039Test" time="69.053" classname="com.training.sanity.tests.RETC_039Tests"/>
</testsuite> <!-- com.training.sanity.tests.RETC_039Tests -->
