<?xml version="1.0" encoding="UTF-8"?>
<!-- Generated by org.testng.reporters.JUnitReportReporter -->
<testsuite skipped="0" hostname="IBM744-PC07HRAG" name="com.training.sanity.tests.RETC_069Tests" tests="4" failures="0" timestamp="10 Feb 2019 09:13:56 GMT" time="247.782" errors="0">
  <testcase name="validRETC_069Test" time="64.001" classname="com.training.sanity.tests.RETC_069Tests"/>
  <testcase name="validRETC_069Test" time="63.727" classname="com.training.sanity.tests.RETC_069Tests"/>
  <testcase name="validRETC_069Test" time="53.807" classname="com.training.sanity.tests.RETC_069Tests"/>
  <testcase name="validRETC_069Test" time="66.247" classname="com.training.sanity.tests.RETC_069Tests"/>
</testsuite> <!-- com.training.sanity.tests.RETC_069Tests -->
