<?xml version="1.0" encoding="UTF-8"?>
<!-- Generated by org.testng.reporters.JUnitReportReporter -->
<testsuite skipped="0" hostname="IBM744-PC07HRAG" name="com.training.sanity.tests.RETC_009Tests" tests="1" failures="0" timestamp="03 Feb 2019 11:05:43 GMT" time="67.162" errors="0">
  <testcase name="validRETC_009Test" time="67.162" classname="com.training.sanity.tests.RETC_009Tests"/>
</testsuite> <!-- com.training.sanity.tests.RETC_009Tests -->
