<?xml version="1.0" encoding="UTF-8"?>
<!-- Generated by org.testng.reporters.JUnitReportReporter -->
<testsuite skipped="0" hostname="IBM744-PC07HRAG" name="com.training.sanity.tests.RETC_038Tests" tests="1" failures="0" timestamp="03 Feb 2019 11:12:00 GMT" time="74.242" errors="0">
  <testcase name="validRETC_038Test" time="74.242" classname="com.training.sanity.tests.RETC_038Tests"/>
</testsuite> <!-- com.training.sanity.tests.RETC_038Tests -->
