<?xml version="1.0" encoding="UTF-8"?>
<!-- Generated by org.testng.reporters.JUnitReportReporter -->
<testsuite skipped="0" hostname="IBM744-PC07HRAG" name="com.training.sanity.tests.RETC_040Tests" tests="1" failures="0" timestamp="10 Feb 2019 09:24:35 GMT" time="73.183" errors="0">
  <testcase name="validRETC_040Test" time="73.183" classname="com.training.sanity.tests.RETC_040Tests"/>
</testsuite> <!-- com.training.sanity.tests.RETC_040Tests -->
